[16:39:21] Loading WGCNA results...
[16:39:21] Extracting taxon names from raw damage summary...
[16:39:45] Processing 1797 taxa...
[16:39:45] Calculating Adjacency and TOM...
..connectivity..
..matrix multiplication (system BLAS)..
..normalization..
..done.
[16:39:49]   Graph constructed with 1797 nodes and 98297 edges (threshold > 0.05)
[16:39:49] Calculating Z and P scores...
[16:40:07] Calculating Centrality (PageRank, Closeness, Betweenness)...
[16:40:23] Calculating Bridging Centrality...
[16:40:35] Calculating Vulnerability (Nodal Efficiency)...
[16:40:43] Merging results and annotating...
[16:40:45] Generating Z-P Plots...
Warning message:
Removed 1492 rows containing missing values or values outside the scale range
(`geom_point()`). 
Warning message:
Removed 1492 rows containing missing values or values outside the scale range
(`geom_point()`). 
[16:40:51] Done. Results in /src/results/network_stats
