[13:07:22] Loading WGCNA results...
[13:07:22] Extracting taxon names from raw damage summary...
[13:07:45] Processing 1797 taxa aligned across VST and modules
[13:07:45] Calculating Adjacency and TOM...
..connectivity..
..matrix multiplication (system BLAS)..
..normalization..
..done.
[13:07:49]   TOM calculation took 3.93 seconds
[13:07:50]   Graph construction took 0.99 seconds (1797 nodes, 98297 edges)
[13:07:50] Calculating Z and P scores...
[13:07:58]   Z-P calculation took 8.01 seconds
[13:07:58] Calculating Centrality (PageRank, Closeness, Betweenness)...
[13:08:15]   Centrality calculation took 17.23 seconds
[13:08:15] Calculating Bridging Centrality...
[13:08:28]   Bridging Centrality took 12.58 seconds
[13:08:28] Calculating Vulnerability (Nodal Efficiency)...
[13:08:37]   Nodal Efficiency took 8.87 seconds
[13:08:37] Merging results and annotating...
[13:08:37]   Merging and saving took 0.39 seconds
[13:08:37] Generating Z-P Plots...
[13:08:47] Done. Total runtime: 1.42 minutes. Results in /src/results/network_stats
