[11:47:34] Loading WGCNA results...
[11:47:34] Extracting taxon names from raw damage summary...
[11:47:54] Processing 1797 taxa aligned across VST and modules
[11:47:54] Calculating Adjacency and TOM...
..connectivity..
..matrix multiplication (system BLAS)..
..normalization..
..done.
[11:48:01]   TOM calculation took 6.65 seconds
[11:48:03]   Graph construction took 1.73 seconds (1797 nodes, 98297 edges)
[11:48:03] Calculating Z and P scores...
[11:48:16]   Z-P calculation took 12.96 seconds
[11:48:16] Calculating Centrality (PageRank, Closeness, Betweenness)...
[11:48:44]   Centrality calculation took 28.45 seconds
[11:48:44] Calculating Bridging Centrality...
[11:49:04]   Bridging Centrality took 19.82 seconds
[11:49:04] Calculating Vulnerability (Nodal Efficiency)...
[11:49:16]   Nodal Efficiency took 11.75 seconds
[11:49:16] Merging results and annotating...
[11:49:16]   Merging and saving took 0.59 seconds
[11:49:16] Generating Z-P Plots...
[11:49:33] Done. Total runtime: 1.99 minutes. Results in /src/results/network_stats
